Aug 04 01:05 : update: added Malayalam/Ribin Richard X Nihal Sadiq Chekuthan.mp3
Aug 04 01:05 : update: added Malayalam/Agam - Rangapura Vihara.mp3
Aug 04 01:05 : update: added Malayalam/The muzik - Pottukuthedi Remix _ Ravanaprabhu _ Malayalam remix _ Dance mix _ Dj Akhil  _ The muzik.mp3
Aug 04 01:05 : update: added Malayalam/Ribin Richard Chekele Ft Archana Mohan.mp3
Aug 04 01:05 : update: added Malayalam/Nomadic Voice & Dhanwin K B - Jinjinaakadi.mp3
Aug 04 01:05 : update: added Malayalam/The muzik - kannoonjal Remix _ Dj Midhun & DJ Vtkz _ Tamil Album Remix _ Themuzik.mp3
Aug 04 01:05 : update: added Malayalam/Elampirai Raj - Tapori Mix.mp3
Aug 04 01:05 : update: added Malayalam/Ribin Richard Kollappedum Feat Nihal Sadiq.mp3
Aug 04 01:05 : update: added English/Woodkid - Run Boy Run.mp3
Aug 04 01:05 : update: added English/Aesthetic Vibes - ZIVERT - LIFE (FILV REMIX) (slowed).mp3
Aug 04 01:05 : update: added English/Dazel Ukuto - I WANT YOU BACK (Slowed Version).mp3
Aug 04 01:05 : update: added English/Close Your Eyes - Nuovo x Jarico - Take It (Original Mix).mp3
Aug 04 01:05 : update: added English/L3an Papi - On Me.mp3
Aug 04 01:05 : update: added English/Serhat Durmus - La Câlin.mp3
Aug 04 01:05 : update: added English/Stellar - Ashes.mp3
Aug 04 01:05 : update: added English/Aesthetic Vibes - Луна – Лютики (izzamuzzic remix) (slowed).mp3
Aug 04 01:05 : update: added English/Solven - One More Night.mp3
Aug 04 01:05 : update: added English/KERTSCHER - Tokyo by Night (Instrumental Version).mp3
Aug 04 01:05 : update: added English/Dua Lipa - Don't Start Now (Dom Dolla Remix).mp3
Aug 04 01:05 : update: added English/Freddie Dredd - Opaul.mp3
Aug 04 01:05 : update: added English/Kina - Can We Kiss Forever_.mp3
Aug 04 01:05 : update: added English/OTR - Rebel.mp3
Aug 04 01:05 : update: added English/Serhat Durmus - Hola.mp3
Aug 04 01:05 : update: added English/Doja Cat - Boss Bitch.mp3
Aug 04 01:05 : update: added English/Macklemore & Ryan Lewis - Can't Hold Us (feat. Ray Dalton).mp3
Aug 04 01:05 : update: added English/Aesthetic Vibes - Edmofo, Nogovickiy - Rock 'n' roll (slowed).mp3
Aug 04 01:05 : update: added English/Dior - Положение (2 Remix).mp3
Aug 04 01:05 : update: added English/Alessia Cara - Here.mp3
Aug 04 01:05 : update: added English/Post Malone - rockstar.mp3
Aug 04 01:05 : update: added English/Måneskin - Beggin'.mp3
Aug 04 01:05 : update: added English/Aesthetic Vibes - Scott Rill - Drive (slowed).mp3
Aug 04 01:05 : update: added English/Aesthetic Vibes - Imanbek - Summertime Sadness (slowed).mp3
Aug 04 01:05 : update: added English/Dhee - Enjoy Enjaami.mp3
Aug 04 01:05 : update: added English/Alec Benjamin - Let Me Down Slowly.mp3
Aug 04 01:05 : update: added English/Roddy Ricch - The Box.mp3
Aug 04 01:05 : update: added English/Tea Drinkers - Life Ain't Fair.mp3
Aug 04 01:05 : update: added English/Linius, Kordas, KEAN DYSSO - Black Bimmer (KEAN DYSSO Remix).mp3
Aug 04 01:05 : update: added English/Twenty One Pilots - Heathens.mp3
Aug 04 01:05 : update: added English/Halogen - U Got That.mp3
Aug 04 01:05 : update: added English/Flo Rida - Right Round (feat. Ke$ha).mp3
Aug 04 01:05 : update: added English/Serhat Durmus - Hislerim.mp3
Aug 04 01:05 : update: added English/Disclosure - You & Me (Flume Remix).mp3
Aug 04 01:05 : update: added English/Aesthetic Vibes - Beatmount - Lonely (slowed).mp3
Aug 04 01:05 : update: added English/Soner Karaca - Marriage.mp3
Aug 04 01:05 : update: added English/Galantis - Runaway (U & I).mp3
Aug 04 01:05 : update: added English/Hippie Sabotage - Devil Eyes.mp3
Aug 04 01:05 : update: added English/Giveon - Heartbreak Anniversary.mp3
Aug 04 01:05 : update: added English/Halsey - New Americana.mp3
Aug 04 01:05 : update: added English/Dark Heart - Crash Test Dummy.mp3
Aug 04 01:05 : update: added English/Jony - Love Your Voice.mp3
Aug 04 01:05 : update: added English/Era Istrefi - Bonbon.mp3
Aug 04 01:05 : update: added English/Brent Faiyaz - Dead Man Walking.mp3
Aug 04 01:05 : update: added English/Aesthetic Vibes - Луна - Магниты (Edmofo Remix) (slowed).mp3
Aug 04 01:05 : update: added English/Dharia - August Diaries.mp3
Aug 04 01:05 : update: added English/Doja Cat - Juicy.mp3
Aug 04 01:05 : update: added English/Serhat Durmus - Amaro.mp3
Aug 04 01:05 : update: added English/Kendrick Lamar - All The Stars.mp3
Aug 04 01:05 : update: added English/Wynter Gordon - Dirty Talk (Lead Vocal).mp3
Aug 04 01:05 : update: added English/Serhat Durmus - Silence of Reality.mp3
Aug 04 01:05 : update: added English/Don Toliver - No Idea.mp3
Aug 04 01:05 : update: added English/Drake - Passionfruit.mp3
Aug 04 01:05 : update: added English/Dharia - Sugar & Brownies.mp3
Aug 04 01:05 : update: added English/Enur - Calabria 2007.mp3
Aug 04 01:05 : update: added English/Jinco - Tokyo.mp3
Aug 04 01:05 : update: added English/Basstrologe - Somebody To Love.mp3
Aug 04 01:05 : update: added English/Justin Bieber - Peaches.mp3
Aug 04 01:05 : update: added English/Harry Styles - Watermelon Sugar.mp3
Aug 04 01:05 : update: added English/Hibell - Monastery of Sound #1.mp3
Aug 04 01:05 : update: added English/Kehlani - Gangsta.mp3
Aug 04 01:05 : update: added English/Melanie Martinez - Play Date.mp3
Aug 04 01:05 : update: added English/Doja Cat - Candy.mp3
Aug 04 01:05 : update: added English/Serhat Durmus - Elimi Tut (feat. Ecem Telli).mp3
Aug 04 01:05 : update: added English/Dharia - Tara Rita.mp3
Aug 04 01:05 : update: added English/BÖ - BÖ & Serhat Durmus - Without You.mp3
Aug 04 01:05 : update: added English/LP - Lost on You (Addal Remix).mp3
Aug 04 01:05 : update: added English/Facading - Walk Away.mp3
Aug 04 01:05 : update: added English/Aesthetic Vibes - Gustavo Santaolalla - Babel (Emre Kabak Remix) (slowed).mp3
Aug 04 01:05 : update: added English/Marcus Layton - Sweet Dreams.mp3
Aug 04 01:05 : update: added English/The Score, AWOLNATION - Carry On.mp3
Aug 04 01:05 : update: added English/Pháo - 2 Phút Hơn (KAIZ Remix).mp3
Aug 04 01:05 : update: added English/Aesthetic Vibes - Dj Goja - Cause I'm Crazy (slowed).mp3
Aug 04 01:05 : update: added English/Stellar - Daredevil.mp3
Aug 04 01:05 : update: added English/Kendrick Lamar - HUMBLE..mp3
Aug 04 01:05 : update: added English/Aesthetic Vibes - RXLZQ, Real Girl - Патрон remix (slowed).mp3
Aug 04 01:05 : update: added English/Kate Linn - Thunderlike.mp3
Aug 04 01:05 : update: added English/Aesthetic Vibes - ROMANE - Run (slowed).mp3
Aug 04 01:05 : update: added English/Yung Bae - Bad Boy.mp3
Aug 04 01:05 : update: added English/Serhat Durmus - Yalan.mp3
Aug 04 01:05 : update: added English/G-Eazy feat. E-40 & Jay Ant - Far Alone.mp3
Aug 04 01:05 : update: added Hindi/Mamta Sharma - MUNNI BADNAAM.mp3
Aug 04 01:05 : update: added Hindi/Sunanda Sharma - Tere Naal Nachna (From _Nawabzaade_).mp3
Aug 04 01:05 : update: added Hindi/KSHMR - Bombay Dreams (feat. Kavita Seth).mp3
Aug 04 01:05 : update: added Hindi/Ved Sharma - Malang (Title Track) (From _Malang - Unleash The Madness_).mp3
Aug 04 01:05 : update: added Hindi/Badshah - She Move It Like.mp3
Aug 04 01:05 : update: added Hindi/Tesher - Jalebi Baby.mp3
Aug 04 01:05 : update: added Tamil/Anirudh Ravichander - So Baby (From _Doctor_).mp3
Aug 04 01:05 : update: added Tamil/Anirudh Ravichander - Vaathi Coming (From _Master_).mp3
Aug 04 01:05 : update: added Tamil/Anirudh Ravichander - Don'u Don'u Don'u (The Don's Romance).mp3
Aug 04 01:05 : update: added Tamil/Various Artists - Inkem Inkem Inkem Kaavaale.mp3
Aug 04 01:05 : update: added Tamil/Dhanush - Rowdy Baby.mp3
Aug 04 01:05 : update: added Tamil/Sony Music South - Doctor - Chellamma Lyric _ Sivakarthikeyan _ Anirudh Ravichander _ Nelson Dilipkumar _ Jonita Gandhi.mp3
Aug 04 01:05 : avahi: Service 'Music Player @ edge' successfully established.
Aug 04 01:06 : exception: Failed to open audio output
Aug 04 01:06 : exception: Failed to open "Gamin - USB Audio" (alsa); Failed to open ALSA device "hw:2,0": Device or resource busy
Aug 04 01:06 : exception: Failed to open "Gamin - USB Audio" (alsa); Failed to open ALSA device "hw:2,0": Device or resource busy
Aug 04 01:06 : exception: Failed to open "Gamin - USB Audio" (alsa); Failed to open ALSA device "hw:2,0": Device or resource busy
Aug 04 01:06 : exception: Failed to open "Gamin - USB Audio" (alsa); Failed to open ALSA device "hw:2,0": Device or resource busy
Aug 04 01:31 : player: played "English/Aesthetic Vibes - Edmofo, Nogovickiy - Rock 'n' roll (slowed).mp3"
Aug 04 03:20 : avahi: Service 'Music Player @ edge' successfully established.
Aug 04 04:13 : player: played "English/Aesthetic Vibes - Edmofo, Nogovickiy - Rock 'n' roll (slowed).mp3"
Aug 04 04:14 : avahi: Service 'Music Player @ edge' successfully established.
Aug 04 05:06 : player: played "English/Aesthetic Vibes - Edmofo, Nogovickiy - Rock 'n' roll (slowed).mp3"
Aug 04 08:45 : avahi: Service 'Music Player @ edge' successfully established.
Aug 04 09:05 : exception: Failed to read mixer for 'ALSA sound card': no such mixer control: PCM
Aug 04 09:05 : exception: Failed to open "Gamin - USB Audio" (alsa); Failed to open ALSA device "hw:2,0": Device or resource busy
Aug 04 09:05 : exception: Failed to open mixer for 'ALSA sound card': no such mixer control: PCM
Aug 04 09:05 : exception: Failed to open "Gamin - USB Audio" (alsa); Failed to open ALSA device "hw:2,0": Device or resource busy
Aug 04 09:09 : player: played "English/Aesthetic Vibes - ROMANE - Run (slowed).mp3"
Aug 04 09:09 : exception: Failed to open mixer for 'ALSA sound card': no such mixer control: PCM
Aug 04 09:09 : alsa_output: Decoder is too slow; playing silence to avoid xrun
Aug 04 09:09 : alsa_output: Decoder is too slow; playing silence to avoid xrun
Aug 04 09:09 : alsa_output: Decoder is too slow; playing silence to avoid xrun
Aug 04 09:09 : alsa_output: Decoder is too slow; playing silence to avoid xrun
Aug 04 09:09 : alsa_output: Decoder is too slow; playing silence to avoid xrun
Aug 04 09:10 : alsa_output: Decoder is too slow; playing silence to avoid xrun
Aug 04 09:10 : exception: Failed to open "Gamin - USB Audio" (alsa); Failed to open ALSA device "hw:2,0": Device or resource busy
Aug 04 09:10 : exception: Failed to open mixer for 'ALSA sound card': no such mixer control: PCM
Aug 04 09:10 : exception: Failed to open "Gamin - USB Audio" (alsa); Failed to open ALSA device "hw:2,0": Device or resource busy
Aug 04 09:14 : exception: Failed to open mixer for 'ALSA sound card': no such mixer control: PCM
Aug 04 09:14 : alsa_output: Decoder is too slow; playing silence to avoid xrun
Aug 04 09:14 : exception: Failed to open "Gamin - USB Audio" (alsa); Failed to open ALSA device "hw:2,0": Device or resource busy
Aug 04 09:14 : exception: Failed to open mixer for 'ALSA sound card': no such mixer control: PCM
Aug 04 09:17 : player: played "English/Aesthetic Vibes - ROMANE - Run (slowed).mp3"
Aug 04 09:17 : exception: Failed to open "Gamin - USB Audio" (alsa); Failed to open ALSA device "hw:2,0": Device or resource busy
Aug 04 09:20 : player: played "English/Alec Benjamin - Let Me Down Slowly.mp3"
Aug 04 09:20 : exception: Failed to open "Gamin - USB Audio" (alsa); Failed to open ALSA device "hw:2,0": Device or resource busy
Aug 04 09:24 : player: played "English/Alessia Cara - Here.mp3"
Aug 04 09:26 : avahi: Service 'Music Player @ edge' successfully established.
Aug 04 09:28 : avahi: Service 'Music Player @ edge' successfully established.
Aug 04 09:30 : avahi: Service 'Music Player @ edge' successfully established.
Aug 05 06:00 : avahi: Service 'Music Player @ edge' successfully established.
Aug 05 06:01 : exception: Failed to read mixer for 'ALSA sound card': no such mixer control: PCM
Aug 05 06:01 : exception: Failed to open mixer for 'ALSA sound card': no such mixer control: PCM
Aug 05 06:01 : alsa_output: Decoder is too slow; playing silence to avoid xrun
Aug 05 06:01 : exception: Failed to open "Gamin - USB Audio" (alsa); Failed to open ALSA device "hw:2,0": Device or resource busy
Aug 05 06:01 : exception: Failed to open audio output
Aug 05 06:05 : player: played "English/Aesthetic Vibes - Dj Goja - Cause I'm Crazy (slowed).mp3"
Aug 05 06:09 : player: played "English/Aesthetic Vibes - ROMANE - Run (slowed).mp3"
Aug 05 06:13 : player: played "English/Alessia Cara - Here.mp3"
Aug 05 06:20 : player: played "Malayalam/Elampirai Raj - Tapori Mix.mp3"
Aug 05 06:23 : player: played "Malayalam/Nomadic Voice & Dhanwin K B - Jinjinaakadi.mp3"
Aug 05 06:31 : player: played "Malayalam/The muzik - kannoonjal Remix _ Dj Midhun & DJ Vtkz _ Tamil Album Remix _ Themuzik.mp3"
Aug 05 06:40 : player: played "Malayalam/Agam - Rangapura Vihara.mp3"
Aug 05 06:42 : player: played "English/Basstrologe - Somebody To Love.mp3"
Aug 05 06:45 : player: played "English/Dior - Положение (2 Remix).mp3"
Aug 05 06:48 : player: played "English/Doja Cat - Boss Bitch.mp3"
Aug 05 06:52 : player: played "English/Doja Cat - Candy.mp3"
Aug 05 06:54 : player: played "English/Don Toliver - No Idea.mp3"
Aug 05 06:54 : exception: Failed to open "Gamin - USB Audio" (alsa); Failed to open ALSA device "hw:2,0": Device or resource busy
Aug 05 06:54 : exception: Failed to open "Gamin - USB Audio" (alsa); Failed to open ALSA device "hw:2,0": Device or resource busy
Aug 05 06:54 : player: problems opening audio device while playing "English/Era Istrefi - Bonbon.mp3"
Aug 05 06:58 : player: played "English/Era Istrefi - Bonbon.mp3"
Aug 05 09:20 : player: played "English/Aesthetic Vibes - ROMANE - Run (slowed).mp3"
Aug 05 18:12 : avahi: Service 'Music Player @ edge' successfully established.
Aug 06 02:54 : exception: Failed to open "Gamin - USB Audio" (alsa); Failed to open ALSA device "hw:2,0": Device or resource busy
Aug 06 02:54 : exception: Failed to open "Gamin - USB Audio" (alsa); Failed to open ALSA device "hw:2,0": Device or resource busy
Aug 06 02:54 : exception: Failed to open "Gamin - USB Audio" (alsa); Failed to open ALSA device "hw:2,0": Device or resource busy
Aug 06 02:54 : exception: Failed to open "Gamin - USB Audio" (alsa); Failed to open ALSA device "hw:2,0": Device or resource busy
Aug 06 02:58 : player: played "English/Aesthetic Vibes - Edmofo, Nogovickiy - Rock 'n' roll (slowed).mp3"
Aug 06 03:01 : player: played "English/Aesthetic Vibes - ROMANE - Run (slowed).mp3"
Aug 06 03:04 : player: played "English/Alec Benjamin - Let Me Down Slowly.mp3"
Aug 06 03:07 : player: played "English/Alessia Cara - Here.mp3"
Aug 06 03:10 : player: played "Malayalam/Elampirai Raj - Tapori Mix.mp3"
Aug 06 15:28 : player: played "Malayalam/The muzik - Pottukuthedi Remix _ Ravanaprabhu _ Malayalam remix _ Dance mix _ Dj Akhil  _ The muzik.mp3"
Aug 06 15:29 : avahi: Service 'Music Player @ edge' successfully established.
Aug 07 03:58 : player: played "Malayalam/The muzik - Pottukuthedi Remix _ Ravanaprabhu _ Malayalam remix _ Dance mix _ Dj Akhil  _ The muzik.mp3"
Aug 07 04:01 : avahi: Service 'Music Player @ edge' successfully established.
Aug 07 06:51 : player: played "Malayalam/The muzik - Pottukuthedi Remix _ Ravanaprabhu _ Malayalam remix _ Dance mix _ Dj Akhil  _ The muzik.mp3"
Aug 07 16:05 : avahi: Service 'Music Player @ edge' successfully established.
Aug 07 16:08 : player: played "Malayalam/The muzik - Pottukuthedi Remix _ Ravanaprabhu _ Malayalam remix _ Dance mix _ Dj Akhil  _ The muzik.mp3"
Aug 07 16:09 : avahi: Service 'Music Player @ edge' successfully established.
Aug 07 17:30 : player: played "Malayalam/The muzik - Pottukuthedi Remix _ Ravanaprabhu _ Malayalam remix _ Dance mix _ Dj Akhil  _ The muzik.mp3"
Aug 07 17:30 : avahi: Service 'Music Player @ edge' successfully established.
ALSA lib confmisc.c:165:(snd_config_get_card) Cannot get card index for 2
Aug 07 18:57 : exception: Failed to open "Gamin - USB Audio" (alsa); Failed to open ALSA device "hw:2,0": No such file or directory
Aug 07 18:57 : exception: Failed to open "Gamin - USB Audio" (alsa); Failed to open ALSA device "hw:2,0": No such file or directory
ALSA lib confmisc.c:165:(snd_config_get_card) Cannot get card index for 2
Aug 07 18:57 : exception: Failed to open "Gamin - USB Audio" (alsa); Failed to open ALSA device "hw:2,0": No such file or directory
Aug 07 18:57 : exception: Failed to open "Gamin - USB Audio" (alsa); Failed to open ALSA device "hw:2,0": No such file or directory
Aug 07 18:57 : exception: Failed to read mixer for 'ALSA sound card': no such mixer control: PCM
Aug 07 18:57 : exception: Failed to open mixer for 'ALSA sound card': no such mixer control: PCM
Aug 07 19:06 : player: played "Malayalam/Agam - Rangapura Vihara.mp3"
Aug 07 19:07 : update: added /Ricky Desktop - THE BANJO BEAT.mp3
Aug 07 19:07 : update: removing Ricky Desktop - THE BANJO BEAT.mp3
Aug 07 19:07 : update: added Instrumental/Ricky Desktop - THE BANJO BEAT.mp3
Aug 07 19:11 : player: played "English/Era Istrefi - Bonbon.mp3"
Aug 07 19:48 : exception: Failed to open mixer for 'ALSA sound card': no such mixer control: PCM
Aug 07 21:00 : exception: Failed to open mixer for 'ALSA sound card': no such mixer control: PCM
Aug 07 21:02 : player: played "English/Don Toliver - No Idea.mp3"
Aug 07 21:06 : player: played "English/Era Istrefi - Bonbon.mp3"
Aug 07 21:07 : player: played "Instrumental/Ricky Desktop - THE BANJO BEAT.mp3"
Aug 07 23:06 : avahi: Service 'Music Player @ edge' successfully established.
Aug 07 23:10 : exception: Failed to read mixer for 'ALSA sound card': no such mixer control: PCM
Aug 07 23:10 : exception: Failed to open mixer for 'ALSA sound card': no such mixer control: PCM
Aug 07 23:11 : update: added /Infinity VideoHUB - MVDNES - Roses (INFINITY BASS).mp3
Aug 07 23:11 : update: added /Aesthetic Vibes - Brennan Savage - Look At Me Now (NextRO Remix) (slowed).mp3
Aug 07 23:11 : update: added /KEAN DYSSO - MVDNES - BOSS SHET.mp3
Aug 07 23:12 : update: added /Aesthetic Vibes - Camélia Jordana - Doudou (Crisologo Remix) (slowed).mp3
Aug 07 23:12 : update: removing Aesthetic Vibes - Brennan Savage - Look At Me Now (NextRO Remix) (slowed).mp3
Aug 07 23:12 : update: removing KEAN DYSSO - MVDNES - BOSS SHET.mp3
Aug 07 23:12 : update: removing Infinity VideoHUB - MVDNES - Roses (INFINITY BASS).mp3
Aug 07 23:12 : update: removing Aesthetic Vibes - Camélia Jordana - Doudou (Crisologo Remix) (slowed).mp3
Aug 07 23:12 : update: added English/Aesthetic Vibes - Camélia Jordana - Doudou (Crisologo Remix) (slowed).mp3
Aug 07 23:12 : update: added English/Infinity VideoHUB - MVDNES - Roses (INFINITY BASS).mp3
Aug 07 23:12 : update: added English/Aesthetic Vibes - Brennan Savage - Look At Me Now (NextRO Remix) (slowed).mp3
Aug 07 23:12 : update: added English/KEAN DYSSO - MVDNES - BOSS SHET.mp3
Aug 07 23:12 : exception: Failed to open mixer for 'ALSA sound card': no such mixer control: PCM
Aug 07 23:16 : update: added /KEAN DYSSO - MVDNES - BOSS SHET.mp3
Aug 07 23:16 : update: removing KEAN DYSSO - MVDNES - BOSS SHET.mp3
Aug 07 23:20 : player: played "English/KEAN DYSSO - MVDNES - BOSS SHET.mp3"
Aug 07 23:25 : exception: Failed to open mixer for 'ALSA sound card': no such mixer control: PCM
Aug 07 23:28 : player: played "English/OTR - Rebel.mp3"
Aug 07 23:33 : player: played "English/Infinity VideoHUB - MVDNES - Roses (INFINITY BASS).mp3"
Aug 07 23:36 : player: played "English/Don Toliver - No Idea.mp3"
Aug 08 00:11 : exception: Failed to open mixer for 'ALSA sound card': no such mixer control: PCM
Aug 08 00:16 : player: played "English/Wynter Gordon - Dirty Talk (Lead Vocal).mp3"
Aug 08 00:18 : player: played "English/Hippie Sabotage - Devil Eyes.mp3"
Aug 08 00:20 : player: played "English/Infinity VideoHUB - MVDNES - Roses (INFINITY BASS).mp3"
Aug 08 02:39 : avahi: Service 'Music Player @ edge' successfully established.
Aug 08 02:39 : exception: Failed to read mixer for 'ALSA sound card': no such mixer control: PCM
Aug 08 02:40 : exception: Failed to open "Gamin - USB Audio" (alsa); Failed to open ALSA device "hw:2,0": Device or resource busy
Aug 08 02:40 : exception: Failed to open "Gamin - USB Audio" (alsa); Failed to open ALSA device "hw:2,0": Device or resource busy
Aug 08 02:40 : exception: Failed to open "Gamin - USB Audio" (alsa); Failed to open ALSA device "hw:2,0": Device or resource busy
Aug 08 02:40 : exception: Failed to open "Gamin - USB Audio" (alsa); Failed to open ALSA device "hw:2,0": Device or resource busy
Aug 08 02:40 : exception: Failed to open "Gamin - USB Audio" (alsa); Failed to open ALSA device "hw:2,0": Device or resource busy
Aug 08 02:40 : exception: Failed to open "Gamin - USB Audio" (alsa); Failed to open ALSA device "hw:2,0": Device or resource busy
Aug 08 02:40 : exception: Failed to open "Gamin - USB Audio" (alsa); Failed to open ALSA device "hw:2,0": Device or resource busy
Aug 08 02:40 : exception: Failed to open "Gamin - USB Audio" (alsa); Failed to open ALSA device "hw:2,0": Device or resource busy
Aug 08 02:40 : exception: Failed to open "Gamin - USB Audio" (alsa); Failed to open ALSA device "hw:2,0": Device or resource busy
Aug 08 02:40 : exception: Failed to open "Gamin - USB Audio" (alsa); Failed to open ALSA device "hw:2,0": Device or resource busy
Aug 08 02:40 : exception: Failed to open "Gamin - USB Audio" (alsa); Failed to open ALSA device "hw:2,0": Device or resource busy
Aug 08 02:40 : exception: Failed to open "Gamin - USB Audio" (alsa); Failed to open ALSA device "hw:2,0": Device or resource busy
Aug 08 02:45 : player: played "English/Wynter Gordon - Dirty Talk (Lead Vocal).mp3"
Aug 08 02:48 : player: played "English/Hippie Sabotage - Devil Eyes.mp3"
Aug 08 03:11 : player: played "English/Infinity VideoHUB - MVDNES - Roses (INFINITY BASS).mp3"
Aug 08 03:14 : avahi: Service 'Music Player @ edge' successfully established.
Aug 08 03:36 : player: played "English/Infinity VideoHUB - MVDNES - Roses (INFINITY BASS).mp3"
Aug 08 10:32 : avahi: Service 'Music Player @ edge' successfully established.
Aug 08 11:54 : player: played "English/Infinity VideoHUB - MVDNES - Roses (INFINITY BASS).mp3"
Aug 08 23:46 : avahi: Service 'Music Player @ edge' successfully established.
Aug 09 00:02 : player: played "English/Infinity VideoHUB - MVDNES - Roses (INFINITY BASS).mp3"
Aug 09 00:05 : avahi: Service 'Music Player @ edge' successfully established.
Aug 09 00:49 : exception: Failed to open audio output
Aug 09 00:49 : exception: Failed to read mixer for 'ALSA sound card': no such mixer control: PCM
Aug 09 00:49 : exception: Failed to open mixer for 'ALSA sound card': no such mixer control: PCM
Aug 09 00:57 : player: played "English/Wynter Gordon - Dirty Talk (Lead Vocal).mp3"
Aug 09 00:59 : avahi: Service 'Music Player @ edge' successfully established.
Aug 09 03:23 : exception: Failed to read mixer for 'ALSA sound card': no such mixer control: PCM
Aug 09 03:25 : exception: Failed to open mixer for 'ALSA sound card': no such mixer control: PCM
Aug 09 03:34 : player: played "English/Aesthetic Vibes - ROMANE - Run (slowed).mp3"
Aug 09 03:35 : player: played "English/Alessia Cara - Here.mp3"
Aug 09 11:03 : avahi: Service 'Music Player @ edge' successfully established.
Aug 09 12:02 : player: played "English/Alessia Cara - Here.mp3"
Aug 09 12:33 : avahi: Service 'Music Player @ edge' successfully established.
Aug 09 15:51 : exception: Failed to read mixer for 'ALSA sound card': no such mixer control: PCM
Aug 09 15:51 : exception: Failed to open mixer for 'ALSA sound card': no such mixer control: PCM
Aug 09 16:00 : exception: Failed to open mixer for 'ALSA sound card': no such mixer control: PCM
Aug 09 16:18 : exception: Failed to open mixer for 'ALSA sound card': no such mixer control: PCM
Aug 09 16:22 : exception: Failed to open mixer for 'ALSA sound card': no such mixer control: PCM
Aug 09 16:25 : player: played "English/Dark Heart - Crash Test Dummy.mp3"
Aug 09 16:27 : player: played "English/Stellar - Daredevil.mp3"
Aug 09 16:30 : player: played "English/Stellar - Ashes.mp3"
Aug 09 16:33 : player: played "Instrumental/Ricky Desktop - THE BANJO BEAT.mp3"
Aug 09 18:01 : exception: Failed to open mixer for 'ALSA sound card': no such mixer control: PCM
Aug 09 18:07 : player: played "English/Wynter Gordon - Dirty Talk (Lead Vocal).mp3"
Aug 09 18:09 : player: played "English/Hippie Sabotage - Devil Eyes.mp3"
Aug 09 18:12 : player: played "English/Infinity VideoHUB - MVDNES - Roses (INFINITY BASS).mp3"
Aug 09 18:17 : player: played "English/Era Istrefi - Bonbon.mp3"
Aug 09 18:19 : player: played "English/Basstrologe - Somebody To Love.mp3"
Aug 09 18:30 : player: played "Malayalam/Agam - Rangapura Vihara.mp3"
Aug 09 18:47 : exception: Failed to open mixer for 'ALSA sound card': no such mixer control: PCM
Aug 09 18:50 : player: played "Malayalam/Elampirai Raj - Tapori Mix.mp3"
Aug 09 18:53 : player: played "Malayalam/Nomadic Voice & Dhanwin K B - Jinjinaakadi.mp3"
Aug 09 18:53 : exception: Failed to open mixer for 'ALSA sound card': no such mixer control: PCM
Aug 09 18:55 : player: played "Malayalam/Ribin Richard Kollappedum Feat Nihal Sadiq.mp3"
Aug 09 19:01 : exception: Failed to open mixer for 'ALSA sound card': no such mixer control: PCM
Aug 09 19:04 : player: played "Malayalam/The muzik - Pottukuthedi Remix _ Ravanaprabhu _ Malayalam remix _ Dance mix _ Dj Akhil  _ The muzik.mp3"
Aug 09 19:19 : player: played "English/Enur - Calabria 2007.mp3"
Aug 09 23:26 : avahi: Service 'Music Player @ edge' successfully established.
Aug 09 23:35 : exception: Failed to read mixer for 'ALSA sound card': no such mixer control: PCM
Aug 09 23:35 : exception: Failed to open mixer for 'ALSA sound card': no such mixer control: PCM
Aug 09 23:37 : exception: Failed to open mixer for 'ALSA sound card': no such mixer control: PCM
Aug 09 23:40 : player: played "English/Stellar - Daredevil.mp3"
Aug 09 23:42 : player: played "English/Stellar - Ashes.mp3"
Aug 09 23:47 : player: played "English/Aesthetic Vibes - Imanbek - Summertime Sadness (slowed).mp3"
Aug 09 23:47 : exception: Failed to open mixer for 'ALSA sound card': no such mixer control: PCM
Aug 09 23:50 : player: played "Malayalam/Ribin Richard Kollappedum Feat Nihal Sadiq.mp3"
Aug 09 23:50 : exception: Failed to open mixer for 'ALSA sound card': no such mixer control: PCM
Aug 09 23:54 : player: played "English/Dhee - Enjoy Enjaami.mp3"
Aug 09 23:59 : player: played "English/Enur - Calabria 2007.mp3"
Aug 10 00:13 : exception: Failed to open mixer for 'ALSA sound card': no such mixer control: PCM
Aug 10 00:16 : player: played "English/Aesthetic Vibes - Dj Goja - Cause I'm Crazy (slowed).mp3"
Aug 10 00:20 : player: played "Malayalam/Elampirai Raj - Tapori Mix.mp3"
Aug 10 00:27 : player: played "Hindi/Badshah - She Move It Like.mp3"
Aug 10 00:31 : exception: Failed to open mixer for 'ALSA sound card': no such mixer control: PCM
Aug 10 00:34 : player: played "Hindi/KSHMR - Bombay Dreams (feat. Kavita Seth).mp3"
Aug 10 00:58 : exception: Failed to open mixer for 'ALSA sound card': no such mixer control: PCM
Aug 10 01:03 : player: played "Hindi/Mamta Sharma - MUNNI BADNAAM.mp3"
Aug 10 01:05 : exception: Failed to open mixer for 'ALSA sound card': no such mixer control: PCM
Aug 10 01:08 : player: played "Hindi/Sunanda Sharma - Tere Naal Nachna (From _Nawabzaade_).mp3"
Aug 10 01:12 : exception: Failed to open mixer for 'ALSA sound card': no such mixer control: PCM
Aug 10 01:16 : player: played "Hindi/Tesher - Jalebi Baby.mp3"
Aug 10 03:08 : avahi: Service 'Music Player @ edge' successfully established.
Aug 10 03:09 : exception: Failed to read mixer for 'ALSA sound card': no such mixer control: PCM
Aug 10 03:09 : exception: Failed to open mixer for 'ALSA sound card': no such mixer control: PCM
Aug 10 03:13 : player: played "Tamil/Anirudh Ravichander - Don'u Don'u Don'u (The Don's Romance).mp3"
Aug 10 03:13 : exception: Failed to open mixer for 'ALSA sound card': no such mixer control: PCM
Aug 10 03:14 : exception: Failed to open mixer for 'ALSA sound card': no such mixer control: PCM
Aug 10 03:25 : exception: Failed to open mixer for 'ALSA sound card': no such mixer control: PCM
Aug 10 03:44 : player: played "Malayalam/The muzik - Pottukuthedi Remix _ Ravanaprabhu _ Malayalam remix _ Dance mix _ Dj Akhil  _ The muzik.mp3"
Aug 10 11:32 : avahi: Service 'Music Player @ edge' successfully established.
Aug 10 12:46 : player: played "Malayalam/The muzik - Pottukuthedi Remix _ Ravanaprabhu _ Malayalam remix _ Dance mix _ Dj Akhil  _ The muzik.mp3"
Aug 10 13:34 : avahi: Service 'Music Player @ edge' successfully established.
Aug 10 14:14 : exception: Failed to read mixer for 'ALSA sound card': no such mixer control: PCM
Aug 10 15:23 : player: played "Malayalam/The muzik - Pottukuthedi Remix _ Ravanaprabhu _ Malayalam remix _ Dance mix _ Dj Akhil  _ The muzik.mp3"
Aug 10 17:58 : avahi: Service 'Music Player @ edge' successfully established.
Aug 10 18:43 : player: played "Malayalam/The muzik - Pottukuthedi Remix _ Ravanaprabhu _ Malayalam remix _ Dance mix _ Dj Akhil  _ The muzik.mp3"
Aug 10 21:01 : avahi: Service 'Music Player @ edge' successfully established.
Aug 10 21:14 : exception: Failed to read mixer for 'ALSA sound card': no such mixer control: PCM
Aug 10 21:14 : exception: Failed to open mixer for 'ALSA sound card': no such mixer control: PCM
Aug 10 21:16 : exception: Failed to open mixer for 'ALSA sound card': no such mixer control: PCM
Aug 10 22:32 : exception: Failed to open mixer for 'ALSA sound card': no such mixer control: PCM
Aug 10 22:34 : player: played "English/Basstrologe - Somebody To Love.mp3"
Aug 10 22:36 : player: played "English/Dior - Положение (2 Remix).mp3"
Aug 10 22:41 : player: played "English/Era Istrefi - Bonbon.mp3"
Aug 10 22:42 : player: played "Instrumental/Ricky Desktop - THE BANJO BEAT.mp3"
Aug 10 23:03 : exception: Failed to open mixer for 'ALSA sound card': no such mixer control: PCM
Aug 10 23:06 : player: played "English/Stellar - Daredevil.mp3"
Aug 10 23:47 : player: played "English/OTR - Rebel.mp3"
Aug 11 00:52 : avahi: Service 'Music Player @ edge' successfully established.
Aug 11 01:18 : exception: Failed to read mixer for 'ALSA sound card': no such mixer control: PCM
Aug 11 01:18 : exception: Failed to open mixer for 'ALSA sound card': no such mixer control: PCM
Aug 11 01:21 : player: played "English/Dark Heart - Crash Test Dummy.mp3"
Aug 11 01:23 : player: played "English/Stellar - Daredevil.mp3"
Aug 11 01:26 : player: played "English/Stellar - Ashes.mp3"
Aug 11 01:30 : player: played "English/Aesthetic Vibes - Imanbek - Summertime Sadness (slowed).mp3"
Aug 11 01:30 : exception: Failed to open mixer for 'ALSA sound card': no such mixer control: PCM
Aug 11 01:33 : player: played "Malayalam/Ribin Richard Kollappedum Feat Nihal Sadiq.mp3"
Aug 11 01:33 : exception: Failed to open mixer for 'ALSA sound card': no such mixer control: PCM
Aug 11 01:40 : player: played "Hindi/Badshah - She Move It Like.mp3"
Aug 11 01:57 : player: played "Tamil/Anirudh Ravichander - Vaathi Coming (From _Master_).mp3"
Aug 11 02:46 : avahi: Service 'Music Player @ edge' successfully established.
Aug 11 02:57 : player: played "Tamil/Anirudh Ravichander - Vaathi Coming (From _Master_).mp3"
Aug 11 14:18 : avahi: Service 'Music Player @ edge' successfully established.
Aug 11 14:52 : player: played "Tamil/Anirudh Ravichander - Vaathi Coming (From _Master_).mp3"
Aug 11 14:53 : avahi: Service 'Music Player @ edge' successfully established.
Aug 11 15:03 : player: played "Tamil/Anirudh Ravichander - Vaathi Coming (From _Master_).mp3"
Aug 11 17:00 : avahi: Service 'Music Player @ edge' successfully established.
Aug 11 16:43 : player: played "Tamil/Anirudh Ravichander - Vaathi Coming (From _Master_).mp3"
Aug 11 20:55 : avahi: Service 'Music Player @ edge' successfully established.
Aug 11 20:55 : exception: Failed to read mixer for 'ALSA sound card': no such mixer control: PCM
Aug 11 20:55 : exception: Failed to open mixer for 'ALSA sound card': no such mixer control: PCM
Aug 11 21:50 : exception: Failed to open mixer for 'ALSA sound card': no such mixer control: PCM
Aug 11 21:50 : player: played "Hindi/Sunanda Sharma - Tere Naal Nachna (From _Nawabzaade_).mp3"
Aug 11 22:13 : exception: Failed to open mixer for 'ALSA sound card': no such mixer control: PCM
Aug 11 22:58 : exception: Failed to open mixer for 'ALSA sound card': no such mixer control: PCM
Aug 11 22:58 : player: played "Hindi/Sunanda Sharma - Tere Naal Nachna (From _Nawabzaade_).mp3"
Aug 11 23:02 : player: played "Hindi/Tesher - Jalebi Baby.mp3"
Aug 11 23:05 : player: played "Tamil/Anirudh Ravichander - Don'u Don'u Don'u (The Don's Romance).mp3"
Aug 11 22:17 : player: played "Malayalam/Agam - Rangapura Vihara.mp3"
Aug 11 22:18 : player: played "English/BÖ - BÖ & Serhat Durmus - Without You.mp3"
Aug 11 22:18 : exception: Failed to open mixer for 'ALSA sound card': no such mixer control: PCM
Aug 11 22:19 : alsa_output: Decoder is too slow; playing silence to avoid xrun
Aug 11 22:28 : player: played "English/Aesthetic Vibes - Edmofo, Nogovickiy - Rock 'n' roll (slowed).mp3"
Aug 11 22:28 : exception: Failed to open mixer for 'ALSA sound card': no such mixer control: PCM
Aug 11 22:31 : player: played "English/Close Your Eyes - Nuovo x Jarico - Take It (Original Mix).mp3"
Aug 12 01:13 : avahi: Service 'Music Player @ edge' successfully established.
Aug 12 02:54 : player: played "English/Close Your Eyes - Nuovo x Jarico - Take It (Original Mix).mp3"
Aug 12 04:34 : avahi: Service 'Music Player @ edge' successfully established.
